// 同步 ID: b8432e20 @ Tue Jun 30 05:19:02 UTC 2026
// 同步 ID: c18c6834 @ Wed Jul  1 02:07:36 UTC 2026
// 重构日志: 83416254
// 重构日志: 8cc66b91
// 同步 ID: 1e6cb6d9 @ Thu Jul  2 15:08:46 UTC 2026
// 同步 ID: c88267ea @ Fri Jul  3 19:03:21 UTC 2026
// 重构日志: 18ec27c0
// 重构日志: 5fb20a30
// 重构日志: c15d8286
// 重构日志: ccd51c4d
// 重构日志: 4e9716e9
// 重构日志: 03d2df00
// 重构日志: 91663c43
// 重构日志: 93cbfb41
// 同步 ID: 7a8399d1 @ Tue Jul  7 04:51:00 UTC 2026
// 重构日志: ffc84ceb
// 重构日志: 7782fee0
// 重构日志: 933845bb
// 重构日志: 8906b7c2
// 重构日志: 448b3980
// 重构日志: 42dae466
// 重构日志: 6df4bbc3
// 重构日志: c11beb74
// 同步 ID: 1d764d12 @ Sat Jul 11 01:51:11 UTC 2026
// 同步 ID: 81363b4a @ Sat Jul 11 14:26:30 UTC 2026
// 重构日志: 193b95ee
// 重构日志: 55032de4
// 同步 ID: 657b8692 @ Tue Jul 14 07:00:45 UTC 2026
// 同步 ID: 3fd6148e @ Tue Jul 14 10:09:49 UTC 2026
// 同步 ID: ceef5317 @ Tue Jul 14 11:48:24 UTC 2026
// 重构日志: 688d4c79
// 重构日志: 0edef4e7
// 重构日志: 2186919d
